1737310581042	geckodriver	INFO	Listening on 127.0.0.1:51268
1737310584116	mozrunner::runner	INFO	Running command: "C:\\Users\\PC Gebruiker\\.cache\\selenium\\firefox\\win64\\134.0.1\\firefox.exe" "--marionette" "--remote-d ... "--remote-allow-hosts" "localhost" "-no-remote" "-profile" "C:\\Users\\PCGEBR~1\\AppData\\Local\\Temp\\rust_mozprofile5DaqOH"
console.warn: services.settings: Ignoring preference override of remote settings server
console.warn: services.settings: Allow by setting MOZ_REMOTE_SETTINGS_DEVTOOLS=1 in the environment
Dynamically enable window occlusion 0
1737310584479	Marionette	INFO	Marionette enabled
1737310584666	Marionette	INFO	Listening on port 51278
WebDriver BiDi listening on ws://127.0.0.1:51269
Read port: 51278
1737310584884	RemoteAgent	WARN	TLS certificate errors will be ignored for this session
DevTools listening on ws://127.0.0.1:51269/devtools/browser/4bf41801-4f96-4334-bb19-ea51c3b0d49a
console.error: ({})
console.error: ({})
console.warn: LoginRecipes: "Falling back to a synchronous message for: http://127.0.0.1:8000."
console.warn: LoginRecipes: "Falling back to a synchronous message for: http://127.0.0.1:8000."
console.error: ({})
1737310615800	Marionette	INFO	Stopped listening on port 51278
Dynamically enable window occlusion 1
console.error: services.settings: 
Object
  - prototype Object
    - columnNumber = 0
    - data = null
    - filename = resource://gre/modules/ServiceRequest.sys.mjs
    - lineNumber = 127
    - location = {"name":"open","filename":"resource://gre/modules/ServiceRequest.sys.mjs","sourceId":27,"lineNumber":127,"columnNumber":11,"asyncCause":null,"asyncCaller":null,"caller":{"filename":"resource://services-settings/Utils.sys.mjs","name":"fetch/<","sourceId":26,"lineNumber":268,"columnNumber":15,"asyncCause":null,"asyncCaller":null,"caller":{"filename":"resource://services-settings/Utils.sys.mjs","name":"fetch","sourceId":26,"lineNumber":219,"columnNumber":12,"asyncCause":null,"asyncCaller":null,"caller":{"filename":"resource://services-common/kinto-http-client.sys.mjs","name":"timedFetch/<","sourceId":469,"lineNumber":569,"columnNumber":12,"asyncCause":null,"asyncCaller":null,"caller":{"filename":"resource://services-common/kinto-http-client.sys.mjs","name":"timedFetch","sourceId":469,"lineNumber":544,"columnNumber":12,"asyncCause":null,"asyncCaller":null,"caller":{"filename":"resource://services-common/kinto-http-client.sys.mjs","name":"request","sourceId":469,"lineNumber":634,"columnNumber":33,"asyncCause":null,"asyncCaller":null,"caller":{"filename":"resource://services-common/kinto-http-client.sys.mjs","name":"execute","sourceId":469,"lineNumber":2643,"columnNumber":36,"asyncCause":null,"asyncCaller":null,"caller":{"filename":"resource://services-common/kinto-http-client.sys.mjs","name":"getData","sourceId":469,"lineNumber":1119,"columnNumber":40,"asyncCause":null,"asyncCaller":null,"caller":{"filename":"resource://services-settings/RemoteSettingsClient.sys.mjs","name":"maybeSync","sourceId":24,"lineNumber":719,"columnNumber":54,"asyncCause":null,"asyncCaller":null,"caller":null,"formattedStack":"maybeSync@resource://services-settings/RemoteSettingsClient.sys.mjs:719:54\n","nativeSavedFrame":{}},"formattedStack":"getData@resource://services-common/kinto-http-client.sys.mjs:1119:40\nmaybeSync@resource://services-settings/RemoteSettingsClient.sys.mjs:719:54\n","nativeSavedFrame":{}},"formattedStack":"execute@resource://services-common/kinto-http-client.sys.mjs:2643:36\ngetData@resource://services-common/kinto-http-client.sys.mjs:1119:40\nmaybeSync@resource://services-settings/RemoteSettingsClient.sys.mjs:719:54\n","nativeSavedFrame":{}},"formattedStack":"request@resource://services-common/kinto-http-client.sys.mjs:634:33\nexecute@resource://services-common/kinto-http-client.sys.mjs:2643:36\ngetData@resource://services-common/kinto-http-client.sys.mjs:1119:40\nmaybeSync@resource://services-settings/RemoteSettingsClient.sys.mjs:719:54\n","nativeSavedFrame":{}},"formattedStack":"timedFetch@resource://services-common/kinto-http-client.sys.mjs:544:12\nrequest@resource://services-common/kinto-http-client.sys.mjs:634:33\nexecute@resource://services-common/kinto-http-client.sys.mjs:2643:36\ngetData@resource://services-common/kinto-http-client.sys.mjs:1119:40\nmaybeSync@resource://services-settings/RemoteSettingsClient.sys.mjs:719:54\n","nativeSavedFrame":{}},"formattedStack":"timedFetch/<@resource://services-common/kinto-http-client.sys.mjs:569:12\ntimedFetch@resource://services-common/kinto-http-client.sys.mjs:544:12\nrequest@resource://services-common/kinto-http-client.sys.mjs:634:33\nexecute@resource://services-common/kinto-http-client.sys.mjs:2643:36\ngetData@resource://services-common/kinto-http-client.sys.mjs:1119:40\nmaybeSync@resource://services-settings/RemoteSettingsClient.sys.mjs:719:54\n","nativeSavedFrame":{}},"formattedStack":"fetch@resource://services-settings/Utils.sys.mjs:219:12\ntimedFetch/<@resource://services-common/kinto-http-client.sys.mjs:569:12\ntimedFetch@resource://services-common/kinto-http-client.sys.mjs:544:12\nrequest@resource://services-common/kinto-http-client.sys.mjs:634:33\nexecute@resource://services-common/kinto-http-client.sys.mjs:2643:36\ngetData@resource://services-common/kinto-http-client.sys.mjs:1119:40\nmaybeSync@resource://services-settings/RemoteSettingsClient.sys.mjs:719:54\n","nativeSavedFrame":{}},"formattedStack":"fetch/<@resource://services-settings/Utils.sys.mjs:268:15\nfetch@resource://services-settings/Utils.sys.mjs:219:12\ntimedFetch/<@resource://services-common/kinto-http-client.sys.mjs:569:12\ntimedFetch@resource://services-common/kinto-http-client.sys.mjs:544:12\nrequest@resource://services-common/kinto-http-client.sys.mjs:634:33\nexecute@resource://services-common/kinto-http-client.sys.mjs:2643:36\ngetData@resource://services-common/kinto-http-client.sys.mjs:1119:40\nmaybeSync@resource://services-settings/RemoteSettingsClient.sys.mjs:719:54\n","nativeSavedFrame":{}},"formattedStack":"open@resource://gre/modules/ServiceRequest.sys.mjs:127:11\nfetch/<@resource://services-settings/Utils.sys.mjs:268:15\nfetch@resource://services-settings/Utils.sys.mjs:219:12\ntimedFetch/<@resource://services-common/kinto-http-client.sys.mjs:569:12\ntimedFetch@resource://services-common/kinto-http-client.sys.mjs:544:12\nrequest@resource://services-common/kinto-http-client.sys.mjs:634:33\nexecute@resource://services-common/kinto-http-client.sys.mjs:2643:36\ngetData@resource://services-common/kinto-http-client.sys.mjs:1119:40\nmaybeSync@resource://services-settings/RemoteSettingsClient.sys.mjs:719:54\n","nativeSavedFrame":{}}
    - message = 
    - name = 
    - result = 2152071198
    - stack = open@resource://gre/modules/ServiceRequest.sys.mjs:127:11|fetch/<@resource://services-settings/Utils.sys.mjs:268:15|fetch@resource://services-settings/Utils.sys.mjs:219:12|timedFetch/<@resource://services-common/kinto-http-client.sys.mjs:569:12|timedFetch@resource://services-common/kinto-http-client.sys.mjs:544:12|request@resource://services-common/kinto-http-client.sys.mjs:634:33|execute@resource://services-common/kinto-http-client.sys.mjs:2643:36|getData@resource://services-common/kinto-http-client.sys.mjs:1119:40|maybeSync@resource://services-settings/RemoteSettingsClient.sys.mjs:719:54|
  - prototype Object
console.warn: services.settings: main/top-sites sync interrupted by shutdown
console.error: (new Error("IndexedDB: main/backup-common-passwords-list getLastModified() IndexedDB:  execute() The application is shutting down", "resource://services-settings/IDBHelpers.sys.mjs", 16))
